<?xml version="1.0" encoding="UTF-8"?>
<testsuite xmlns:xsi="http://www.w3.org/2001/XMLSchema-instance" xsi:noNamespaceSchemaLocation="https://maven.apache.org/surefire/maven-surefire-plugin/xsd/surefire-test-report.xsd" version="3.0.2" name="com.mayank.SpringBootPractice.SpringBootPracticeApplicationTests" time="0.946" tests="1" errors="0" skipped="0" failures="0">
  <properties>
[...]
</properties>
  <testcase name="contextLoads" classname="com.mayank.SpringBootPractice.SpringBootPracticeApplicationTests" time="0.29">
    <system-out><![CDATA[22:01:22.503 [main] INFO org.springframework.test.context.support.AnnotationConfigContextLoaderUtils -- Could not detect default configuration classes for test class [com.mayank.SpringBootPractice.SpringBootPracticeApplicationTests]: SpringBootPracticeApplicationTests does not declare any static, non-private, non-final, nested classes annotated with @Configuration.
22:01:22.539 [main] INFO org.springframework.boot.test.context.SpringBootTestContextBootstrapper -- Found @SpringBootConfiguration com.mayank.SpringBootPractice.SpringBootPracticeApplication for test class com.mayank.SpringBootPractice.SpringBootPracticeApplicationTests
22:01:22.601 [main] INFO org.springframework.boot.devtools.restart.RestartApplicationListener -- Restart disabled due to context in which it is running

  .   ____          _            __ _ _
 /\\ / ___'_ __ _ _(_)_ __  __ _ \ \ \ \
( ( )\___ | '_ | '_| | '_ \/ _` | \ \ \ \
 \\/  ___)| |_)| | | | | || (_| |  ) ) ) )
  '  |____| .__|_| |_|_| |_\__, | / / / /
 =========|_|==============|___/=/_/_/_/

 :: Spring Boot ::                (v3.5.0)

2025-06-21T22:01:22.723+05:30  INFO 37685 --- [SpringBootPractice] [           main] c.m.S.SpringBootPracticeApplicationTests : Starting SpringBootPracticeApplicationTests using Java 17.0.15 with PID 37685 (started by mayankjain in /Users/mayankjain/Developer/SpringBoot/01-spring-boot-overview/04-command-line-demo)
2025-06-21T22:01:22.724+05:30  INFO 37685 --- [SpringBootPractice] [           main] c.m.S.SpringBootPracticeApplicationTests : No active profile set, falling back to 1 default profile: "default"
2025-06-21T22:01:23.108+05:30  INFO 37685 --- [SpringBootPractice] [           main] c.m.S.SpringBootPracticeApplicationTests : Started SpringBootPracticeApplicationTests in 0.513 seconds (process running for 0.83)
]]></system-out>
  </testcase>
</testsuite>